<?xml version="1.0" encoding="UTF-8"?>
<testsuite xmlns:xsi="http://www.w3.org/2001/XMLSchema-instance" xsi:noNamespaceSchemaLocation="https://maven.apache.org/surefire/maven-surefire-plugin/xsd/surefire-test-report.xsd" version="3.0.2" name="com.fmgc.TradeSphereApplicationTests" time="5.454" tests="1" errors="0" skipped="0" failures="0" flakes="0">
  <properties>
[...]
</properties>
  <testcase name="contextLoads" classname="com.fmgc.TradeSphereApplicationTests" time="0.651">
    <system-out><![CDATA[13:40:41.938 [main] INFO org.springframework.boot.devtools.restart.RestartApplicationListener -- Restart disabled due to context in which it is running

  .   ____          _            __ _ _
 /\\ / ___'_ __ _ _(_)_ __  __ _ \ \ \ \
( ( )\___ | '_ | '_| | '_ \/ _` | \ \ \ \
 \\/  ___)| |_)| | | | | || (_| |  ) ) ) )
  '  |____| .__|_| |_|_| |_\__, | / / / /
 =========|_|==============|___/=/_/_/_/

 :: Spring Boot ::               (v3.5.15)

2026-07-31T13:40:42.228+05:30  INFO 28444 --- [tradeSphere] [           main] com.fmgc.TradeSphereApplicationTests     : Starting TradeSphereApplicationTests using Java 21.0.11 with PID 28444 (started by itintern in C:\Users\itintern\OneDrive - B N AGRITECH LTD\tradesphere\tradesphere)
2026-07-31T13:40:42.231+05:30  INFO 28444 --- [tradeSphere] [           main] com.fmgc.TradeSphereApplicationTests     : No active profile set, falling back to 1 default profile: "default"
2026-07-31T13:40:43.137+05:30  INFO 28444 --- [tradeSphere] [           main] .s.d.r.c.RepositoryConfigurationDelegate : Bootstrapping Spring Data MongoDB repositories in DEFAULT mode.
2026-07-31T13:40:43.249+05:30  INFO 28444 --- [tradeSphere] [           main] .s.d.r.c.RepositoryConfigurationDelegate : Finished Spring Data repository scanning in 103 ms. Found 10 MongoDB repository interfaces.
2026-07-31T13:40:44.054+05:30  INFO 28444 --- [tradeSphere] [           main] org.mongodb.driver.client                : MongoClient with metadata {"application": {"name": "Cluster0"}, "driver": {"name": "mongo-java-driver|sync|spring-boot", "version": "5.5.2"}, "os": {"type": "Windows", "name": "Windows 11", "architecture": "amd64", "version": "10.0"}, "platform": "Java/Oracle Corporation/21.0.11+9-LTS-211"} created with settings MongoClientSettings{readPreference=primary, writeConcern=WriteConcern{w=null, wTimeout=null ms, journal=null}, retryWrites=true, retryReads=true, readConcern=ReadConcern{level=null}, credential=MongoCredential{mechanism=null, userName='tradeSphere', source='admin', password=<hidden>, mechanismProperties=<hidden>}, transportSettings=null, commandListeners=[], codecRegistry=ProvidersCodecRegistry{codecProviders=[ValueCodecProvider{}, BsonValueCodecProvider{}, DBRefCodecProvider{}, DBObjectCodecProvider{}, DocumentCodecProvider{}, CollectionCodecProvider{}, IterableCodecProvider{}, MapCodecProvider{}, GeoJsonCodecProvider{}, GridFSFileCodecProvider{}, Jsr310CodecProvider{}, JsonObjectCodecProvider{}, BsonCodecProvider{}, EnumCodecProvider{}, com.mongodb.client.model.mql.ExpressionCodecProvider@7a0ab480, com.mongodb.Jep395RecordCodecProvider@79df80a4, com.mongodb.KotlinCodecProvider@130cfc47]}, loggerSettings=LoggerSettings{maxDocumentLength=1000}, clusterSettings={hosts=[127.0.0.1:27017], srvHost=cluster0.w7yycil.mongodb.net, srvServiceName=mongodb, mode=MULTIPLE, requiredClusterType=REPLICA_SET, requiredReplicaSetName='atlas-x8tlx9-shard-0', serverSelector='null', clusterListeners='[]', serverSelectionTimeout='30000 ms', localThreshold='15 ms'}, socketSettings=SocketSettings{connectTimeoutMS=10000, readTimeoutMS=0, receiveBufferSize=0, proxySettings=ProxySettings{host=null, port=null, username=null, password=null}}, heartbeatSocketSettings=SocketSettings{connectTimeoutMS=10000, readTimeoutMS=10000, receiveBufferSize=0, proxySettings=ProxySettings{host=null, port=null, username=null, password=null}}, connectionPoolSettings=ConnectionPoolSettings{maxSize=100, minSize=0, maxWaitTimeMS=120000, maxConnectionLifeTimeMS=0, maxConnectionIdleTimeMS=0, maintenanceInitialDelayMS=0, maintenanceFrequencyMS=60000, connectionPoolListeners=[], maxConnecting=2}, serverSettings=ServerSettings{heartbeatFrequencyMS=10000, minHeartbeatFrequencyMS=500, serverMonitoringMode=AUTO, serverListeners='[]', serverMonitorListeners='[]'}, sslSettings=SslSettings{enabled=true, invalidHostNameAllowed=false, context=null}, applicationName='Cluster0', compressorList=[], uuidRepresentation=JAVA_LEGACY, serverApi=null, autoEncryptionSettings=null, dnsClient=null, inetAddressResolver=null, contextProvider=null, timeoutMS=null}
2026-07-31T13:40:44.067+05:30  INFO 28444 --- [tradeSphere] [cil.mongodb.net] org.mongodb.driver.cluster               : Adding discovered server ac-qbsfypa-shard-00-00.w7yycil.mongodb.net:27017 to client view of cluster
2026-07-31T13:40:44.098+05:30  INFO 28444 --- [tradeSphere] [cil.mongodb.net] org.mongodb.driver.cluster               : Adding discovered server ac-qbsfypa-shard-00-01.w7yycil.mongodb.net:27017 to client view of cluster
2026-07-31T13:40:44.102+05:30  INFO 28444 --- [tradeSphere] [cil.mongodb.net] org.mongodb.driver.cluster               : Adding discovered server ac-qbsfypa-shard-00-02.w7yycil.mongodb.net:27017 to client view of cluster
2026-07-31T13:40:44.654+05:30  INFO 28444 --- [tradeSphere] [           main] eAuthenticationProviderManagerConfigurer : Global AuthenticationManager configured with AuthenticationProvider bean with name authenticationProvider
2026-07-31T13:40:44.654+05:30  WARN 28444 --- [tradeSphere] [           main] r$InitializeUserDetailsManagerConfigurer : Global AuthenticationManager configured with an AuthenticationProvider bean. UserDetailsService beans will not be used by Spring Security for automatically configuring username/password login. Consider removing the AuthenticationProvider bean. Alternatively, consider using the UserDetailsService in a manually instantiated DaoAuthenticationProvider. If the current configuration is intentional, to turn off this warning, increase the logging level of 'org.springframework.security.config.annotation.authentication.configuration.InitializeUserDetailsBeanManagerConfigurer' to ERROR
2026-07-31T13:40:44.689+05:30  INFO 28444 --- [tradeSphere] [ngodb.net:27017] org.mongodb.driver.cluster               : Monitor thread successfully connected to server with description ServerDescription{address=ac-qbsfypa-shard-00-01.w7yycil.mongodb.net:27017, type=REPLICA_SET_PRIMARY, cryptd=false, state=CONNECTED, ok=true, minWireVersion=0, maxWireVersion=25, maxDocumentSize=16777216, logicalSessionTimeoutMinutes=30, roundTripTimeNanos=333720100, minRoundTripTimeNanos=0, setName='atlas-x8tlx9-shard-0', canonicalAddress=ac-qbsfypa-shard-00-01.w7yycil.mongodb.net:27017, hosts=[ac-qbsfypa-shard-00-02.w7yycil.mongodb.net:27017, ac-qbsfypa-shard-00-01.w7yycil.mongodb.net:27017, ac-qbsfypa-shard-00-00.w7yycil.mongodb.net:27017], passives=[], arbiters=[], primary='ac-qbsfypa-shard-00-01.w7yycil.mongodb.net:27017', tagSet=TagSet{[Tag{name='availabilityZone', value='aps1-az3'}, Tag{name='cacheState', value='READY'}, Tag{name='diskState', value='READY'}, Tag{name='nodeType', value='ELECTABLE'}, Tag{name='provider', value='AWS'}, Tag{name='region', value='AP_SOUTH_1'}, Tag{name='workloadType', value='OPERATIONAL'}]}, electionId=7fffffff0000000000000136, setVersion=74, topologyVersion=TopologyVersion{processId=6a6a081516f39cd9c87b4a70, counter=6}, lastWriteDate=Fri Jul 31 13:40:44 IST 2026, lastUpdateTimeNanos=786014264629400}
2026-07-31T13:40:44.689+05:30  INFO 28444 --- [tradeSphere] [ngodb.net:27017] org.mongodb.driver.cluster               : Monitor thread successfully connected to server with description ServerDescription{address=ac-qbsfypa-shard-00-00.w7yycil.mongodb.net:27017, type=REPLICA_SET_SECONDARY, cryptd=false, state=CONNECTED, ok=true, minWireVersion=0, maxWireVersion=25, maxDocumentSize=16777216, logicalSessionTimeoutMinutes=30, roundTripTimeNanos=338410200, minRoundTripTimeNanos=0, setName='atlas-x8tlx9-shard-0', canonicalAddress=ac-qbsfypa-shard-00-00.w7yycil.mongodb.net:27017, hosts=[ac-qbsfypa-shard-00-02.w7yycil.mongodb.net:27017, ac-qbsfypa-shard-00-01.w7yycil.mongodb.net:27017, ac-qbsfypa-shard-00-00.w7yycil.mongodb.net:27017], passives=[], arbiters=[], primary='ac-qbsfypa-shard-00-01.w7yycil.mongodb.net:27017', tagSet=TagSet{[Tag{name='availabilityZone', value='aps1-az1'}, Tag{name='cacheState', value='READY'}, Tag{name='diskState', value='READY'}, Tag{name='nodeType', value='ELECTABLE'}, Tag{name='provider', value='AWS'}, Tag{name='region', value='AP_SOUTH_1'}, Tag{name='workloadType', value='OPERATIONAL'}]}, electionId=null, setVersion=74, topologyVersion=TopologyVersion{processId=6a6a07bdf1741e3b7421c79e, counter=4}, lastWriteDate=Fri Jul 31 13:40:44 IST 2026, lastUpdateTimeNanos=786014264629400}
2026-07-31T13:40:44.690+05:30  INFO 28444 --- [tradeSphere] [ngodb.net:27017] org.mongodb.driver.cluster               : Monitor thread successfully connected to server with description ServerDescription{address=ac-qbsfypa-shard-00-02.w7yycil.mongodb.net:27017, type=REPLICA_SET_SECONDARY, cryptd=false, state=CONNECTED, ok=true, minWireVersion=0, maxWireVersion=25, maxDocumentSize=16777216, logicalSessionTimeoutMinutes=30, roundTripTimeNanos=339738200, minRoundTripTimeNanos=0, setName='atlas-x8tlx9-shard-0', canonicalAddress=ac-qbsfypa-shard-00-02.w7yycil.mongodb.net:27017, hosts=[ac-qbsfypa-shard-00-02.w7yycil.mongodb.net:27017, ac-qbsfypa-shard-00-01.w7yycil.mongodb.net:27017, ac-qbsfypa-shard-00-00.w7yycil.mongodb.net:27017], passives=[], arbiters=[], primary='ac-qbsfypa-shard-00-01.w7yycil.mongodb.net:27017', tagSet=TagSet{[Tag{name='availabilityZone', value='aps1-az2'}, Tag{name='cacheState', value='READY'}, Tag{name='diskState', value='READY'}, Tag{name='nodeType', value='ELECTABLE'}, Tag{name='provider', value='AWS'}, Tag{name='region', value='AP_SOUTH_1'}, Tag{name='workloadType', value='OPERATIONAL'}]}, electionId=null, setVersion=74, topologyVersion=TopologyVersion{processId=6a6a086e8e99de4bba66b04e, counter=3}, lastWriteDate=Fri Jul 31 13:40:44 GMT+05:30 2026, lastUpdateTimeNanos=786014264629400}
2026-07-31T13:40:44.696+05:30  INFO 28444 --- [tradeSphere] [ngodb.net:27017] org.mongodb.driver.cluster               : Discovered replica set primary ac-qbsfypa-shard-00-01.w7yycil.mongodb.net:27017 with max election id 7fffffff0000000000000136 and max set version 74
2026-07-31T13:40:45.332+05:30 DEBUG 28444 --- [tradeSphere] [           main] o.s.s.web.DefaultSecurityFilterChain     : Will secure any request with filters: DisableEncodeUrlFilter, WebAsyncManagerIntegrationFilter, SecurityContextHolderFilter, HeaderWriterFilter, CorsFilter, LogoutFilter, JwtAuthenticationFilter, RequestCacheAwareFilter, SecurityContextHolderAwareRequestFilter, AnonymousAuthenticationFilter, SessionManagementFilter, ExceptionTranslationFilter, AuthorizationFilter
2026-07-31T13:40:45.886+05:30  INFO 28444 --- [tradeSphere] [           main] o.s.s.config.TaskSchedulerRouter         : No TaskScheduler/ScheduledExecutorService bean found for scheduled processing
2026-07-31T13:40:45.896+05:30  INFO 28444 --- [tradeSphere] [           main] com.fmgc.TradeSphereApplicationTests     : Started TradeSphereApplicationTests in 3.969 seconds (process running for 4.983)
]]></system-out>
    <system-err><![CDATA[Mockito is currently self-attaching to enable the inline-mock-maker. This will no longer work in future releases of the JDK. Please add Mockito as an agent to your build as described in Mockito's documentation: https://javadoc.io/doc/org.mockito/mockito-core/latest/org.mockito/org/mockito/Mockito.html#0.3
WARNING: A Java agent has been loaded dynamically (C:\Users\itintern\.m2\repository\net\bytebuddy\byte-buddy-agent\1.17.8\byte-buddy-agent-1.17.8.jar)
WARNING: If a serviceability tool is in use, please run with -XX:+EnableDynamicAgentLoading to hide this warning
WARNING: If a serviceability tool is not in use, please run with -Djdk.instrument.traceUsage for more information
WARNING: Dynamic loading of agents will be disallowed by default in a future release
]]></system-err>
  </testcase>
</testsuite>